<?xml version="1.0" encoding="UTF-8"?>
<!-- Generated by org.testng.reporters.JUnitReportReporter -->
<testsuite hostname="Pranalis-MacBook-Pro.local" failures="0" tests="3" name="test.BoardTests" time="20.342" errors="0" timestamp="2023-10-26T20:44:22 CDT" skipped="0">
  <testcase classname="test.BoardTests" name="test5" time="9.846"/>
  <system-out/>
  <testcase classname="test.BoardTests" name="test6" time="9.079"/>
  <system-out/>
  <testcase classname="test.BoardTests" name="test7" time="1.417"/>
  <system-out/>
</testsuite> <!-- test.BoardTests -->
