<?xml version="1.0" encoding="UTF-8"?>
<!-- Generated by org.testng.reporters.JUnitReportReporter -->
<testsuite hostname="Pranalis-MacBook-Pro.local" failures="0" tests="4" name="test.Trello_LoginTests" time="25.450" errors="0" timestamp="2023-10-26T20:42:47 CDT" skipped="0">
  <testcase classname="test.Trello_LoginTests" name="test1" time="5.806"/>
  <system-out/>
  <testcase classname="test.Trello_LoginTests" name="test3" time="5.026"/>
  <system-out/>
  <testcase classname="test.Trello_LoginTests" name="test2" time="5.460"/>
  <system-out/>
  <testcase classname="test.Trello_LoginTests" name="test4" time="9.158"/>
  <system-out/>
</testsuite> <!-- test.Trello_LoginTests -->
