<?xml version="1.0" encoding="UTF-8"?>
<!-- Generated by org.testng.reporters.JUnitReportReporter -->
<testsuite hostname="Pranalis-MacBook-Pro.local" failures="0" tests="4" name="test.Login_Tests" time="369.552" errors="0" timestamp="2023-10-23T19:40:10 CDT" skipped="0">
  <testcase classname="test.Login_Tests" name="test1" time="102.556"/>
  <system-out/>
  <testcase classname="test.Login_Tests" name="test2" time="70.042"/>
  <system-out/>
  <testcase classname="test.Login_Tests" name="test4" time="132.886"/>
  <system-out/>
  <testcase classname="test.Login_Tests" name="test3" time="64.068"/>
  <system-out/>
</testsuite> <!-- test.Login_Tests -->
