<?xml version="1.0" encoding="UTF-8"?>
<!-- Generated by org.testng.reporters.JUnitReportReporter -->
<testsuite hostname="Pranalis-MacBook-Pro.local" failures="0" tests="1" name="test.DeleteBoard_Mozilla" time="9.366" errors="0" timestamp="2023-10-24T17:54:50 CDT" skipped="0">
  <testcase classname="test.DeleteBoard_Mozilla" name="test6" time="9.366"/>
  <system-out/>
</testsuite> <!-- test.DeleteBoard_Mozilla -->
