<?xml version="1.0" encoding="UTF-8"?>
<!-- Generated by org.testng.reporters.JUnitReportReporter -->
<testsuite hostname="Pranalis-MacBook-Pro.local" failures="0" tests="4" name="test.Login_TestSuite" time="364.613" errors="0" timestamp="2023-10-24T00:59:56 CDT" skipped="0">
  <testcase classname="test.Login_TestSuite" name="test1" time="104.668"/>
  <system-out/>
  <testcase classname="test.Login_TestSuite" name="test3" time="66.201"/>
  <system-out/>
  <testcase classname="test.Login_TestSuite" name="test2" time="67.139"/>
  <system-out/>
  <testcase classname="test.Login_TestSuite" name="test4" time="126.605"/>
  <system-out/>
</testsuite> <!-- test.Login_TestSuite -->
