<?xml version="1.0" encoding="UTF-8"?>
<!-- Generated by org.testng.reporters.JUnitReportReporter -->
<testsuite hostname="Pranalis-MacBook-Pro.local" failures="0" tests="4" name="test.Trello_WorkspaceForTeamTests" time="10.559" errors="0" timestamp="2023-10-26T20:45:26 CDT" skipped="0">
  <testcase classname="test.Trello_WorkspaceForTeamTests" name="test17" time="0.310"/>
  <system-out/>
  <testcase classname="test.Trello_WorkspaceForTeamTests" name="test15" time="1.557"/>
  <system-out/>
  <testcase classname="test.Trello_WorkspaceForTeamTests" name="test16" time="0.541"/>
  <system-out/>
  <testcase classname="test.Trello_WorkspaceForTeamTests" name="test14" time="8.151"/>
  <system-out/>
</testsuite> <!-- test.Trello_WorkspaceForTeamTests -->
