<?xml version="1.0" encoding="UTF-8"?>
<!-- Generated by org.testng.reporters.JUnitReportReporter -->
<testsuite hostname="Pranalis-MacBook-Pro.local" failures="0" tests="1" name="test.Test1_LoginPageHappyPathTestNG" time="58.518" errors="0" timestamp="2023-10-20T21:56:30 CDT" skipped="0">
  <testcase classname="test.Test1_LoginPageHappyPathTestNG" name="loginHappyPath" time="58.518"/>
  <system-out/>
</testsuite> <!-- test.Test1_LoginPageHappyPathTestNG -->
