<?xml version="1.0" encoding="UTF-8"?>
<!-- Generated by org.testng.reporters.JUnitReportReporter -->
<testsuite hostname="Pranalis-MacBook-Pro.local" failures="0" tests="3" name="test.Trello_CreateListTests" time="8.570" errors="0" timestamp="2023-10-26T20:45:03 CDT" skipped="0">
  <testcase classname="test.Trello_CreateListTests" name="test11" time="8.561"/>
  <system-out/>
  <testcase classname="test.Trello_CreateListTests" name="test12" time="0.005"/>
  <system-out/>
  <testcase classname="test.Trello_CreateListTests" name="test13" time="0.004"/>
  <system-out/>
</testsuite> <!-- test.Trello_CreateListTests -->
