<?xml version="1.0" encoding="UTF-8"?>
<!-- Generated by org.testng.reporters.JUnitReportReporter -->
<testsuite hostname="Pranalis-MacBook-Pro.local" failures="0" tests="2" name="test.BoardTestCases" time="9.347" errors="0" timestamp="2023-10-24T18:39:00 CDT" skipped="0">
  <testcase classname="test.BoardTestCases" name="test6" time="1.368"/>
  <system-out/>
  <testcase classname="test.BoardTestCases" name="test5" time="7.979"/>
  <system-out/>
</testsuite> <!-- test.BoardTestCases -->
